<?xml version="1.0" encoding="UTF-8"?>
<testsuite xmlns:xsi="http://www.w3.org/2001/XMLSchema-instance" xsi:noNamespaceSchemaLocation="https://maven.apache.org/surefire/maven-surefire-plugin/xsd/surefire-test-report.xsd" name="com.douglas.stepdefs.TestRunner" time="116.582" tests="2" errors="0" skipped="0" failures="0">
  <properties>
[...]
</properties>
  <testcase name="List the products based on filters #1" classname="Douglas Feature Testing" time="55.664"/>
  <testcase name="List the products based on filters #2" classname="Douglas Feature Testing" time="59.072"/>
</testsuite>