<?xml version="1.0" encoding="UTF-8"?>
<testng-results ignored="0" total="1" passed="1" failed="0" skipped="0">
  <reporter-output>
  </reporter-output>
  <suite started-at="2024-08-05T11:09:53 CEST" name="Default suite" finished-at="2024-08-05T11:11:03 CEST" duration-ms="70015">
    <groups>
    </groups>
    <test started-at="2024-08-05T11:09:53 CEST" name="Default test" finished-at="2024-08-05T11:11:03 CEST" duration-ms="70015">
      <class name="com.douglas.utils.Practice">
        <test-method signature="test(java.lang.String,java.lang.String,java.lang.String,java.lang.String,java.lang.String)[pri:0, instance:com.douglas.utils.Practice@73a1e9a9]" started-at="2024-08-05T11:09:55 CEST" name="test" data-provider="testData" finished-at="2024-08-05T11:11:03 CEST" duration-ms="67393" status="PASS">
          <params>
            <param index="0">
              <value>
                <![CDATA[Sale]]>
              </value>
            </param>
            <param index="1">
              <value>
                <![CDATA[Bohoboco]]>
              </value>
            </param>
            <param index="2">
              <value>
                <![CDATA[Parfum]]>
              </value>
            </param>
            <param index="3">
              <value>
                <![CDATA[Geburtstag]]>
              </value>
            </param>
            <param index="4">
              <value>
                <![CDATA[Unisex]]>
              </value>
            </param>
          </params>
          <reporter-output>
          </reporter-output>
        </test-method> <!-- test -->
      </class> <!-- com.douglas.utils.Practice -->
    </test> <!-- Default test -->
  </suite> <!-- Default suite -->
</testng-results>
